Determining if the pthread_create exist failed with the following output:
Change Dir: /home/jhennies/src/boost_py_lib/image_processing/CMakeFiles/CMakeTmp

Run Build Command:/usr/bin/make "cmTryCompileExec2138144430/fast"
/usr/bin/make -f CMakeFiles/cmTryCompileExec2138144430.dir/build.make CMakeFiles/cmTryCompileExec2138144430.dir/build
make[1]: Verzeichnis »/home/jhennies/src/boost_py_lib/image_processing/CMakeFiles/CMakeTmp« wird betreten
/usr/bin/cmake -E cmake_progress_report /home/jhennies/src/boost_py_lib/image_processing/CMakeFiles/CMakeTmp/CMakeFiles 1
Building C object CMakeFiles/cmTryCompileExec2138144430.dir/CheckSymbolExists.c.o
/usr/bin/cc    -o CMakeFiles/cmTryCompileExec2138144430.dir/CheckSymbolExists.c.o   -c /home/jhennies/src/boost_py_lib/image_processing/CMakeFiles/CMakeTmp/CheckSymbolExists.c
Linking C executable cmTryCompileExec2138144430
/usr/bin/cmake -E cmake_link_script CMakeFiles/cmTryCompileExec2138144430.dir/link.txt --verbose=1
/usr/bin/cc       CMakeFiles/cmTryCompileExec2138144430.dir/CheckSymbolExists.c.o  -o cmTryCompileExec2138144430 -rdynamic 
CMakeFiles/cmTryCompileExec2138144430.dir/CheckSymbolExists.c.o: In Funktion `main':
CheckSymbolExists.c:(.text+0x16): Nicht definierter Verweis auf `pthread_create'
collect2: error: ld returned 1 exit status
make[1]: *** [cmTryCompileExec2138144430] Fehler 1
make[1]: Verzeichnis »/home/jhennies/src/boost_py_lib/image_processing/CMakeFiles/CMakeTmp« wird verlassen
make: *** [cmTryCompileExec2138144430/fast] Fehler 2

File /home/jhennies/src/boost_py_lib/image_processing/CMakeFiles/CMakeTmp/CheckSymbolExists.c:
/* */
#include <pthread.h>

int main(int argc, char** argv)
{
  (void)argv;
#ifndef pthread_create
  return ((int*)(&pthread_create))[argc];
#else
  (void)argc;
  return 0;
#endif
}

Determining if the function pthread_create exists in the pthreads failed with the following output:
Change Dir: /home/jhennies/src/boost_py_lib/image_processing/CMakeFiles/CMakeTmp

Run Build Command:/usr/bin/make "cmTryCompileExec2150479087/fast"
/usr/bin/make -f CMakeFiles/cmTryCompileExec2150479087.dir/build.make CMakeFiles/cmTryCompileExec2150479087.dir/build
make[1]: Verzeichnis »/home/jhennies/src/boost_py_lib/image_processing/CMakeFiles/CMakeTmp« wird betreten
/usr/bin/cmake -E cmake_progress_report /home/jhennies/src/boost_py_lib/image_processing/CMakeFiles/CMakeTmp/CMakeFiles 1
Building C object CMakeFiles/cmTryCompileExec2150479087.dir/CheckFunctionExists.c.o
/usr/bin/cc   -DCHECK_FUNCTION_EXISTS=pthread_create   -o CMakeFiles/cmTryCompileExec2150479087.dir/CheckFunctionExists.c.o   -c /usr/share/cmake-2.8/Modules/CheckFunctionExists.c
Linking C executable cmTryCompileExec2150479087
/usr/bin/cmake -E cmake_link_script CMakeFiles/cmTryCompileExec2150479087.dir/link.txt --verbose=1
/usr/bin/cc   -DCHECK_FUNCTION_EXISTS=pthread_create    CMakeFiles/cmTryCompileExec2150479087.dir/CheckFunctionExists.c.o  -o cmTryCompileExec2150479087 -rdynamic -lpthreads 
/usr/bin/ld: cannot find -lpthreads
collect2: error: ld returned 1 exit status
make[1]: *** [cmTryCompileExec2150479087] Fehler 1
make[1]: Verzeichnis »/home/jhennies/src/boost_py_lib/image_processing/CMakeFiles/CMakeTmp« wird verlassen
make: *** [cmTryCompileExec2150479087/fast] Fehler 2


